This file contains any messages produced by compilers while
running configure, to aid debugging if configure makes a mistake.

It was created by minishell configure 1.0, which was
generated by GNU Autoconf 2.72.  Invocation command line was

  $ ./configure

## --------- ##
## Platform. ##
## --------- ##

hostname = kali
uname -m = x86_64
uname -r = 6.16.8+kali-amd64
uname -s = Linux
uname -v = #1 SMP PREEMPT_DYNAMIC Kali 6.16.8-1kali1 (2025-09-24)

/usr/bin/uname -p = unknown
/bin/uname -X     = unknown

/bin/arch              = x86_64
/usr/bin/arch -k       = unknown
/usr/convex/getsysinfo = unknown
/usr/bin/hostinfo      = unknown
/bin/machine           = unknown
/usr/bin/oslevel       = unknown
/bin/universe          = unknown

PATH: /home/kali/.local/bin/
PATH: /usr/local/sbin/
PATH: /usr/sbin/
PATH: /sbin/
PATH: /usr/local/bin/
PATH: /usr/bin/
PATH: /bin/
PATH: /usr/local/games/
PATH: /usr/games/
PATH: /home/kali/.dotnet/tools/


## ----------- ##
## Core tests. ##
## ----------- ##

configure:2323: looking for aux files: ar-lib compile missing install-sh
configure:2336:  trying ./
configure:2365:   ./ar-lib found
configure:2365:   ./compile found
configure:2365:   ./missing found
configure:2347:   ./install-sh found
configure:2496: checking for a BSD-compatible install
configure:2570: result: /usr/bin/install -c
configure:2581: checking whether sleep supports fractional seconds
configure:2597: result: yes
configure:2600: checking filesystem timestamp resolution
configure:2735: result: 0.01
configure:2740: checking whether build environment is sane
configure:2785: result: yes
configure:2956: checking for a race-free mkdir -p
configure:2999: result: /usr/bin/mkdir -p
configure:3006: checking for gawk
configure:3027: found /usr/bin/gawk
configure:3039: result: gawk
configure:3050: checking whether make sets $(MAKE)
configure:3074: result: yes
configure:3100: checking whether make supports nested variables
configure:3119: result: yes
configure:3133: checking xargs -n works
configure:3149: result: yes
configure:3234: checking whether UID '1000' is supported by ustar format
configure:3240: result: yes
configure:3247: checking whether GID '1000' is supported by ustar format
configure:3253: result: yes
configure:3261: checking how to create a ustar tar archive
configure:3272: tar --version
tar (GNU tar) 1.35
Copyright (C) 2023 Free Software Foundation, Inc.
License GPLv3+: GNU GPL version 3 or later <https://gnu.org/licenses/gpl.html>.
This is free software: you are free to change and redistribute it.
There is NO WARRANTY, to the extent permitted by law.

Written by John Gilmore and Jay Fenlason.
configure:3275: $? = 0
configure:3315: tardir=conftest.dir && eval tar --format=ustar -chf - "$tardir" >conftest.tar
configure:3318: $? = 0
configure:3322: tar -xf - <conftest.tar
configure:3325: $? = 0
configure:3327: cat conftest.dir/file
GrepMe
configure:3330: $? = 0
configure:3345: result: gnutar
configure:3438: checking for gcc
configure:3459: found /usr/bin/gcc
configure:3471: result: gcc
configure:3830: checking for C compiler version
configure:3839: gcc --version >&5
gcc (Debian 15.2.0-9) 15.2.0
Copyright (C) 2025 Free Software Foundation, Inc.
This is free software; see the source for copying conditions.  There is NO
warranty; not even for MERCHANTABILITY or FITNESS FOR A PARTICULAR PURPOSE.

configure:3850: $? = 0
configure:3839: gcc -v >&5
Using built-in specs.
COLLECT_GCC=gcc
COLLECT_LTO_WRAPPER=/usr/libexec/gcc/x86_64-linux-gnu/15/lto-wrapper
OFFLOAD_TARGET_NAMES=nvptx-none:amdgcn-amdhsa
OFFLOAD_TARGET_DEFAULT=1
Target: x86_64-linux-gnu
Configured with: ../src/configure -v --with-pkgversion='Debian 15.2.0-9' --with-bugurl=file:///usr/share/doc/gcc-15/README.Bugs --enable-languages=c,ada,c++,go,d,fortran,objc,obj-c++,m2,rust,cobol,algol68 --prefix=/usr --with-gcc-major-version-only --program-suffix=-15 --program-prefix=x86_64-linux-gnu- --enable-shared --enable-linker-build-id --libexecdir=/usr/libexec --without-included-gettext --enable-threads=posix --libdir=/usr/lib --enable-nls --enable-bootstrap --enable-clocale=gnu --enable-libstdcxx-debug --enable-libstdcxx-time=yes --with-default-libstdcxx-abi=new --enable-libstdcxx-backtrace --enable-gnu-unique-object --disable-vtable-verify --enable-plugin --enable-default-pie --with-system-zlib --enable-libphobos-checking=release --with-target-system-zlib=auto --enable-objc-gc=auto --enable-multiarch --disable-werror --enable-cet --with-arch-32=i686 --with-abi=m64 --with-multilib-list=m32,m64,mx32 --enable-multilib --with-tune=generic --enable-offload-targets=nvptx-none=/build/reproducible-path/gcc-15-15.2.0/debian/tmp-nvptx/usr,amdgcn-amdhsa=/build/reproducible-path/gcc-15-15.2.0/debian/tmp-gcn/usr --enable-offload-defaulted --without-cuda-driver --enable-checking=release --build=x86_64-linux-gnu --host=x86_64-linux-gnu --target=x86_64-linux-gnu --with-build-config=bootstrap-lto-lean --enable-link-serialization=3
Thread model: posix
Supported LTO compression algorithms: zlib zstd
gcc version 15.2.0 (Debian 15.2.0-9) 
... rest of stderr output deleted ...
configure:3850: $? = 0
configure:3839: gcc -V >&5
gcc: error: unrecognized command-line option '-V'
gcc: fatal error: no input files
compilation terminated.
configure:3850: $? = 1
configure:3839: gcc -qversion >&5
gcc: error: unrecognized command-line option '-qversion'; did you mean '--version'?
gcc: fatal error: no input files
compilation terminated.
configure:3850: $? = 1
configure:3839: gcc -version >&5
gcc: error: unrecognized command-line option '-version'
gcc: fatal error: no input files
compilation terminated.
configure:3850: $? = 1
configure:3870: checking whether the C compiler works
configure:3892: gcc    conftest.c  >&5
configure:3896: $? = 0
configure:3947: result: yes
configure:3951: checking for C compiler default output file name
configure:3953: result: a.out
configure:3959: checking for suffix of executables
configure:3966: gcc -o conftest    conftest.c  >&5
configure:3970: $? = 0
configure:3994: result: 
configure:4018: checking whether we are cross compiling
configure:4026: gcc -o conftest    conftest.c  >&5
configure:4030: $? = 0
configure:4037: ./conftest
configure:4041: $? = 0
configure:4056: result: no
configure:4062: checking for suffix of object files
configure:4085: gcc -c   conftest.c >&5
configure:4089: $? = 0
configure:4113: result: o
configure:4117: checking whether the compiler supports GNU C
configure:4137: gcc -c   conftest.c >&5
configure:4137: $? = 0
configure:4149: result: yes
configure:4160: checking whether gcc accepts -g
configure:4181: gcc -c -g  conftest.c >&5
configure:4181: $? = 0
configure:4228: result: yes
configure:4248: checking for gcc option to enable C11 features
configure:4263: gcc  -c -g -O2  conftest.c >&5
configure:4263: $? = 0
configure:4282: result: none needed
configure:4406: checking whether gcc understands -c and -o together
configure:4429: gcc -c conftest.c -o conftest2.o
configure:4432: $? = 0
configure:4429: gcc -c conftest.c -o conftest2.o
configure:4432: $? = 0
configure:4448: result: yes
configure:4468: checking whether make supports the include directive
configure:4483: make -f confmf.GNU && cat confinc.out
this is the am__doit target
configure:4486: $? = 0
configure:4505: result: yes (GNU style)
configure:4531: checking dependency style of gcc
configure:4644: result: gcc3
configure:4716: checking for ar
configure:4737: found /usr/bin/ar
configure:4749: result: ar
configure:4776: checking the archiver (ar) interface
configure:4793: gcc -c -g -O2  conftest.c >&5
configure:4793: $? = 0
configure:4796: ar cr libconftest.a conftest.o >&5
configure:4799: $? = 0
configure:4828: result: ar
configure:4897: checking for ranlib
configure:4918: found /usr/bin/ranlib
configure:4930: result: ranlib
configure:4969: checking for stdio.h
configure:4969: gcc -c -g -O2 -std=c99 -Wall -Wextra -Werror -pedantic -Wvla  -D_POSIX_C_SOURCE=200809L conftest.c >&5
configure:4969: $? = 0
configure:4969: result: yes
configure:4969: checking for stdlib.h
configure:4969: gcc -c -g -O2 -std=c99 -Wall -Wextra -Werror -pedantic -Wvla  -D_POSIX_C_SOURCE=200809L conftest.c >&5
configure:4969: $? = 0
configure:4969: result: yes
configure:4969: checking for string.h
configure:4969: gcc -c -g -O2 -std=c99 -Wall -Wextra -Werror -pedantic -Wvla  -D_POSIX_C_SOURCE=200809L conftest.c >&5
configure:4969: $? = 0
configure:4969: result: yes
configure:4969: checking for inttypes.h
configure:4969: gcc -c -g -O2 -std=c99 -Wall -Wextra -Werror -pedantic -Wvla  -D_POSIX_C_SOURCE=200809L conftest.c >&5
configure:4969: $? = 0
configure:4969: result: yes
configure:4969: checking for stdint.h
configure:4969: gcc -c -g -O2 -std=c99 -Wall -Wextra -Werror -pedantic -Wvla  -D_POSIX_C_SOURCE=200809L conftest.c >&5
configure:4969: $? = 0
configure:4969: result: yes
configure:4969: checking for strings.h
configure:4969: gcc -c -g -O2 -std=c99 -Wall -Wextra -Werror -pedantic -Wvla  -D_POSIX_C_SOURCE=200809L conftest.c >&5
configure:4969: $? = 0
configure:4969: result: yes
configure:4969: checking for sys/stat.h
configure:4969: gcc -c -g -O2 -std=c99 -Wall -Wextra -Werror -pedantic -Wvla  -D_POSIX_C_SOURCE=200809L conftest.c >&5
configure:4969: $? = 0
configure:4969: result: yes
configure:4969: checking for sys/types.h
configure:4969: gcc -c -g -O2 -std=c99 -Wall -Wextra -Werror -pedantic -Wvla  -D_POSIX_C_SOURCE=200809L conftest.c >&5
configure:4969: $? = 0
configure:4969: result: yes
configure:4969: checking for unistd.h
configure:4969: gcc -c -g -O2 -std=c99 -Wall -Wextra -Werror -pedantic -Wvla  -D_POSIX_C_SOURCE=200809L conftest.c >&5
configure:4969: $? = 0
configure:4969: result: yes
configure:4994: checking for errno.h
configure:4994: gcc -c -g -O2 -std=c99 -Wall -Wextra -Werror -pedantic -Wvla  -D_POSIX_C_SOURCE=200809L conftest.c >&5
configure:4994: $? = 0
configure:4994: result: yes
configure:5000: checking for fcntl.h
configure:5000: gcc -c -g -O2 -std=c99 -Wall -Wextra -Werror -pedantic -Wvla  -D_POSIX_C_SOURCE=200809L conftest.c >&5
configure:5000: $? = 0
configure:5000: result: yes
configure:5006: checking for signal.h
configure:5006: gcc -c -g -O2 -std=c99 -Wall -Wextra -Werror -pedantic -Wvla  -D_POSIX_C_SOURCE=200809L conftest.c >&5
configure:5006: $? = 0
configure:5006: result: yes
configure:5012: checking for stdbool.h
configure:5012: gcc -c -g -O2 -std=c99 -Wall -Wextra -Werror -pedantic -Wvla  -D_POSIX_C_SOURCE=200809L conftest.c >&5
configure:5012: $? = 0
configure:5012: result: yes
configure:5018: checking for stddef.h
configure:5018: gcc -c -g -O2 -std=c99 -Wall -Wextra -Werror -pedantic -Wvla  -D_POSIX_C_SOURCE=200809L conftest.c >&5
configure:5018: $? = 0
configure:5018: result: yes
configure:5024: checking for stdint.h
configure:5024: result: yes
configure:5030: checking for stdio.h
configure:5030: result: yes
configure:5036: checking for stdlib.h
configure:5036: result: yes
configure:5042: checking for string.h
configure:5042: result: yes
configure:5048: checking for sys/types.h
configure:5048: result: yes
configure:5054: checking for sys/wait.h
configure:5054: gcc -c -g -O2 -std=c99 -Wall -Wextra -Werror -pedantic -Wvla  -D_POSIX_C_SOURCE=200809L conftest.c >&5
configure:5054: $? = 0
configure:5054: result: yes
configure:5060: checking for unistd.h
configure:5060: result: yes
configure:5068: checking for dup2
configure:5068: gcc -o conftest -g -O2 -std=c99 -Wall -Wextra -Werror -pedantic -Wvla  -D_POSIX_C_SOURCE=200809L  conftest.c  >&5
configure:5068: $? = 0
configure:5068: result: yes
configure:5074: checking for execvp
configure:5074: gcc -o conftest -g -O2 -std=c99 -Wall -Wextra -Werror -pedantic -Wvla  -D_POSIX_C_SOURCE=200809L  conftest.c  >&5
configure:5074: $? = 0
configure:5074: result: yes
configure:5080: checking for fork
configure:5080: gcc -o conftest -g -O2 -std=c99 -Wall -Wextra -Werror -pedantic -Wvla  -D_POSIX_C_SOURCE=200809L  conftest.c  >&5
configure:5080: $? = 0
configure:5080: result: yes
configure:5086: checking for getcwd
configure:5086: gcc -o conftest -g -O2 -std=c99 -Wall -Wextra -Werror -pedantic -Wvla  -D_POSIX_C_SOURCE=200809L  conftest.c  >&5
configure:5086: $? = 0
configure:5086: result: yes
configure:5092: checking for getenv
configure:5092: gcc -o conftest -g -O2 -std=c99 -Wall -Wextra -Werror -pedantic -Wvla  -D_POSIX_C_SOURCE=200809L  conftest.c  >&5
configure:5092: $? = 0
configure:5092: result: yes
configure:5098: checking for isatty
configure:5098: gcc -o conftest -g -O2 -std=c99 -Wall -Wextra -Werror -pedantic -Wvla  -D_POSIX_C_SOURCE=200809L  conftest.c  >&5
configure:5098: $? = 0
configure:5098: result: yes
configure:5104: checking for kill
configure:5104: gcc -o conftest -g -O2 -std=c99 -Wall -Wextra -Werror -pedantic -Wvla  -D_POSIX_C_SOURCE=200809L  conftest.c  >&5
configure:5104: $? = 0
configure:5104: result: yes
configure:5110: checking for open
configure:5110: gcc -o conftest -g -O2 -std=c99 -Wall -Wextra -Werror -pedantic -Wvla  -D_POSIX_C_SOURCE=200809L  conftest.c  >&5
configure:5110: $? = 0
configure:5110: result: yes
configure:5116: checking for pipe
configure:5116: gcc -o conftest -g -O2 -std=c99 -Wall -Wextra -Werror -pedantic -Wvla  -D_POSIX_C_SOURCE=200809L  conftest.c  >&5
configure:5116: $? = 0
configure:5116: result: yes
configure:5122: checking for read
configure:5122: gcc -o conftest -g -O2 -std=c99 -Wall -Wextra -Werror -pedantic -Wvla  -D_POSIX_C_SOURCE=200809L  conftest.c  >&5
configure:5122: $? = 0
configure:5122: result: yes
configure:5128: checking for waitpid
configure:5128: gcc -o conftest -g -O2 -std=c99 -Wall -Wextra -Werror -pedantic -Wvla  -D_POSIX_C_SOURCE=200809L  conftest.c  >&5
configure:5128: $? = 0
configure:5128: result: yes
configure:5196: checking for pkg-config
configure:5219: found /usr/bin/pkg-config
configure:5232: result: /usr/bin/pkg-config
configure:5257: checking pkg-config is at least version 0.9.0
configure:5260: result: yes
configure:5270: checking for criterion
configure:5277: $PKG_CONFIG --exists --print-errors "criterion"
configure:5280: $? = 0
configure:5294: $PKG_CONFIG --exists --print-errors "criterion"
configure:5297: $? = 0
configure:5335: result: yes
configure:5460: checking that generated files are newer than configure
configure:5466: result: done
configure:5505: creating ./config.status

## ---------------------- ##
## Running config.status. ##
## ---------------------- ##

This file was extended by minishell config.status 1.0, which was
generated by GNU Autoconf 2.72.  Invocation command line was

  CONFIG_FILES    = 
  CONFIG_HEADERS  = 
  CONFIG_LINKS    = 
  CONFIG_COMMANDS = 
  $ ./config.status 

on kali

config.status:895: creating Makefile
config.status:895: creating src/Makefile
config.status:895: creating src/utils/Makefile
config.status:895: creating src/lexer/Makefile
config.status:895: creating src/parser/Makefile
config.status:895: creating src/ast/Makefile
config.status:895: creating src/exec/Makefile
config.status:895: creating src/builtins/Makefile
config.status:895: creating tests/Makefile
config.status:895: creating tests/unit/Makefile
config.status:895: creating tests/func/Makefile
config.status:895: creating config.h
config.status:1124: executing depfiles commands
config.status:1199: cd src       && sed -e '/# am--include-marker/d' Makefile         | make -f - am--depfiles
config.status:1206: $? = 0
config.status:1199: cd src/utils       && sed -e '/# am--include-marker/d' Makefile         | make -f - am--depfiles
config.status:1206: $? = 0
config.status:1199: cd src/lexer       && sed -e '/# am--include-marker/d' Makefile         | make -f - am--depfiles
config.status:1206: $? = 0
config.status:1199: cd src/parser       && sed -e '/# am--include-marker/d' Makefile         | make -f - am--depfiles
config.status:1206: $? = 0
config.status:1199: cd src/ast       && sed -e '/# am--include-marker/d' Makefile         | make -f - am--depfiles
config.status:1206: $? = 0
config.status:1199: cd src/exec       && sed -e '/# am--include-marker/d' Makefile         | make -f - am--depfiles
config.status:1206: $? = 0
config.status:1199: cd src/builtins       && sed -e '/# am--include-marker/d' Makefile         | make -f - am--depfiles
config.status:1206: $? = 0
config.status:1199: cd tests/unit       && sed -e '/# am--include-marker/d' Makefile         | make -f - am--depfiles
config.status:1206: $? = 0

## ---------------- ##
## Cache variables. ##
## ---------------- ##

ac_cv_c_compiler_gnu=yes
ac_cv_env_CC_set=
ac_cv_env_CC_value=
ac_cv_env_CFLAGS_set=
ac_cv_env_CFLAGS_value=
ac_cv_env_CPPFLAGS_set=
ac_cv_env_CPPFLAGS_value=
ac_cv_env_CRITERION_CFLAGS_set=
ac_cv_env_CRITERION_CFLAGS_value=
ac_cv_env_CRITERION_LIBS_set=
ac_cv_env_CRITERION_LIBS_value=
ac_cv_env_LDFLAGS_set=
ac_cv_env_LDFLAGS_value=
ac_cv_env_LIBS_set=
ac_cv_env_LIBS_value=
ac_cv_env_PKG_CONFIG_LIBDIR_set=
ac_cv_env_PKG_CONFIG_LIBDIR_value=
ac_cv_env_PKG_CONFIG_PATH_set=
ac_cv_env_PKG_CONFIG_PATH_value=
ac_cv_env_PKG_CONFIG_set=
ac_cv_env_PKG_CONFIG_value=
ac_cv_env_build_alias_set=
ac_cv_env_build_alias_value=
ac_cv_env_host_alias_set=
ac_cv_env_host_alias_value=
ac_cv_env_target_alias_set=
ac_cv_env_target_alias_value=
ac_cv_func_dup2=yes
ac_cv_func_execvp=yes
ac_cv_func_fork=yes
ac_cv_func_getcwd=yes
ac_cv_func_getenv=yes
ac_cv_func_isatty=yes
ac_cv_func_kill=yes
ac_cv_func_open=yes
ac_cv_func_pipe=yes
ac_cv_func_read=yes
ac_cv_func_waitpid=yes
ac_cv_header_errno_h=yes
ac_cv_header_fcntl_h=yes
ac_cv_header_inttypes_h=yes
ac_cv_header_signal_h=yes
ac_cv_header_stdbool_h=yes
ac_cv_header_stddef_h=yes
ac_cv_header_stdint_h=yes
ac_cv_header_stdio_h=yes
ac_cv_header_stdlib_h=yes
ac_cv_header_string_h=yes
ac_cv_header_strings_h=yes
ac_cv_header_sys_stat_h=yes
ac_cv_header_sys_types_h=yes
ac_cv_header_sys_wait_h=yes
ac_cv_header_unistd_h=yes
ac_cv_objext=o
ac_cv_path_ac_pt_PKG_CONFIG=/usr/bin/pkg-config
ac_cv_path_install='/usr/bin/install -c'
ac_cv_path_mkdir=/usr/bin/mkdir
ac_cv_prog_AWK=gawk
ac_cv_prog_ac_ct_AR=ar
ac_cv_prog_ac_ct_CC=gcc
ac_cv_prog_ac_ct_RANLIB=ranlib
ac_cv_prog_cc_c11=
ac_cv_prog_cc_g=yes
ac_cv_prog_cc_stdc=
ac_cv_prog_make_make_set=yes
am_cv_CC_dependencies_compiler_type=gcc3
am_cv_ar_interface=ar
am_cv_filesystem_timestamp_resolution=0.01
am_cv_make_support_nested_variables=yes
am_cv_prog_cc_c_o=yes
am_cv_prog_tar_ustar=gnutar
am_cv_sleep_fractional_seconds=yes
am_cv_xargs_n_works=yes
pkg_cv_CRITERION_CFLAGS='-I/usr/local/include '
pkg_cv_CRITERION_LIBS='-L/usr/local/lib/x86_64-linux-gnu -lcriterion '

## ----------------- ##
## Output variables. ##
## ----------------- ##

ACLOCAL='${SHELL} '\''/home/kali/Desktop/minishell/missing'\'' aclocal-1.18'
AMDEPBACKSLASH='\'
AMDEP_FALSE='#'
AMDEP_TRUE=''
AMTAR='$${TAR-tar}'
AM_BACKSLASH='\'
AM_DEFAULT_V='$(AM_DEFAULT_VERBOSITY)'
AM_DEFAULT_VERBOSITY='1'
AM_V='$(V)'
AR='ar'
AUTOCONF='${SHELL} '\''/home/kali/Desktop/minishell/missing'\'' autoconf'
AUTOHEADER='${SHELL} '\''/home/kali/Desktop/minishell/missing'\'' autoheader'
AUTOMAKE='${SHELL} '\''/home/kali/Desktop/minishell/missing'\'' automake-1.18'
AWK='gawk'
CC='gcc'
CCDEPMODE='depmode=gcc3'
CFLAGS='-g -O2 -std=c99 -Wall -Wextra -Werror -pedantic -Wvla'
CPPFLAGS=' -D_POSIX_C_SOURCE=200809L'
CRITERION_CFLAGS='-I/usr/local/include '
CRITERION_LIBS='-L/usr/local/lib/x86_64-linux-gnu -lcriterion '
CSCOPE='cscope'
CTAGS='ctags'
CYGPATH_W='echo'
DEFS='-DHAVE_CONFIG_H'
DEPDIR='.deps'
ECHO_C=''
ECHO_N='-n'
ECHO_T=''
ETAGS='etags'
EXEEXT=''
HAVE_CRITERION_FALSE='#'
HAVE_CRITERION_TRUE=''
INSTALL_DATA='${INSTALL} -m 644'
INSTALL_PROGRAM='${INSTALL}'
INSTALL_SCRIPT='${INSTALL}'
INSTALL_STRIP_PROGRAM='$(install_sh) -c -s'
LDFLAGS=''
LIBOBJS=''
LIBS=''
LTLIBOBJS=''
MAKEINFO='${SHELL} '\''/home/kali/Desktop/minishell/missing'\'' makeinfo'
MKDIR_P='/usr/bin/mkdir -p'
OBJEXT='o'
PACKAGE='minishell'
PACKAGE_BUGREPORT='minishell@epita.local'
PACKAGE_NAME='minishell'
PACKAGE_STRING='minishell 1.0'
PACKAGE_TARNAME='minishell'
PACKAGE_URL=''
PACKAGE_VERSION='1.0'
PATH_SEPARATOR=':'
PKG_CONFIG='/usr/bin/pkg-config'
PKG_CONFIG_LIBDIR=''
PKG_CONFIG_PATH=''
RANLIB='ranlib'
SET_MAKE=''
SHELL='/bin/bash'
STRIP=''
VERSION='1.0'
ac_ct_AR='ar'
ac_ct_CC='gcc'
am__EXEEXT_FALSE=''
am__EXEEXT_TRUE='#'
am__fastdepCC_FALSE='#'
am__fastdepCC_TRUE=''
am__include='include'
am__isrc=''
am__leading_dot='.'
am__nodep='_no'
am__quote=''
am__rm_f_notfound=''
am__tar='tar --format=ustar -chf - "$$tardir"'
am__untar='tar -xf -'
am__xargs_n='xargs -n'
bindir='${exec_prefix}/bin'
build_alias=''
datadir='${datarootdir}'
datarootdir='${prefix}/share'
docdir='${datarootdir}/doc/${PACKAGE_TARNAME}'
dvidir='${docdir}'
exec_prefix='${prefix}'
host_alias=''
htmldir='${docdir}'
includedir='${prefix}/include'
infodir='${datarootdir}/info'
install_sh='${SHELL} /home/kali/Desktop/minishell/install-sh'
libdir='${exec_prefix}/lib'
libexecdir='${exec_prefix}/libexec'
localedir='${datarootdir}/locale'
localstatedir='${prefix}/var'
mandir='${datarootdir}/man'
mkdir_p='$(MKDIR_P)'
oldincludedir='/usr/include'
pdfdir='${docdir}'
prefix='/usr/local'
program_transform_name='s,x,x,'
psdir='${docdir}'
runstatedir='${localstatedir}/run'
sbindir='${exec_prefix}/sbin'
sharedstatedir='${prefix}/com'
sysconfdir='${prefix}/etc'
target_alias=''

## ----------- ##
## confdefs.h. ##
## ----------- ##

/* confdefs.h */
#define PACKAGE_NAME "minishell"
#define PACKAGE_TARNAME "minishell"
#define PACKAGE_VERSION "1.0"
#define PACKAGE_STRING "minishell 1.0"
#define PACKAGE_BUGREPORT "minishell@epita.local"
#define PACKAGE_URL ""
#define PACKAGE "minishell"
#define VERSION "1.0"
#define _POSIX_C_SOURCE 200809L
#define HAVE_STDIO_H 1
#define HAVE_STDLIB_H 1
#define HAVE_STRING_H 1
#define HAVE_INTTYPES_H 1
#define HAVE_STDINT_H 1
#define HAVE_STRINGS_H 1
#define HAVE_SYS_STAT_H 1
#define HAVE_SYS_TYPES_H 1
#define HAVE_UNISTD_H 1
#define STDC_HEADERS 1
#define HAVE_ERRNO_H 1
#define HAVE_FCNTL_H 1
#define HAVE_SIGNAL_H 1
#define HAVE_STDBOOL_H 1
#define HAVE_STDDEF_H 1
#define HAVE_STDINT_H 1
#define HAVE_STDIO_H 1
#define HAVE_STDLIB_H 1
#define HAVE_STRING_H 1
#define HAVE_SYS_TYPES_H 1
#define HAVE_SYS_WAIT_H 1
#define HAVE_UNISTD_H 1
#define HAVE_DUP2 1
#define HAVE_EXECVP 1
#define HAVE_FORK 1
#define HAVE_GETCWD 1
#define HAVE_GETENV 1
#define HAVE_ISATTY 1
#define HAVE_KILL 1
#define HAVE_OPEN 1
#define HAVE_PIPE 1
#define HAVE_READ 1
#define HAVE_WAITPID 1

configure: exit 0
